c[?7l[2J[0mSeaBIOS (version rel-1.12.1-0-ga5cab58e9a3f-prebuilt.qemu.org)


iPXE (http://ipxe.org) 00:03.0 C980 PCI2.10 PnP PMM+07F91410+07EF1410 C980
Press Ctrl-B to configure iPXE (PCI 00:03.0)...                                                                               


Booting from Hard Disk..(THU.CST) os is loading ...

Special kernel symbols:
  entry  0xc0100036 (phys)
  etext  0xc0109363 (phys)
  edata  0xc0124000 (phys)
  end    0xc01250fc (phys)
Kernel executable memory footprint: 149KB
ebp:0xc0120f38 eip:0xc0100ab8 args:0x00010094 0x00000000 0xc0120f68 0xc01000d7 
    kern/debug/kdebug.c:308: print_stackframe+21
ebp:0xc0120f48 eip:0xc0100da7 args:0x00000000 0x00000000 0x00000000 0xc0120fb8 
    kern/debug/kmonitor.c:129: mon_backtrace+10
ebp:0xc0120f68 eip:0xc01000d7 args:0x00000000 0xc0120f90 0xffff0000 0xc0120f94 
    kern/init/init.c:56: grade_backtrace2+33
ebp:0xc0120f88 eip:0xc0100100 args:0x00000000 0xffff0000 0xc0120fb4 0x0000002a 
    kern/init/init.c:61: grade_backtrace1+38
ebp:0xc0120fa8 eip:0xc010011e args:0x00000000 0xc0100036 0xffff0000 0x0000001d 
    kern/init/init.c:66: grade_backtrace0+23
ebp:0xc0120fc8 eip:0xc0100143 args:0xc010939c 0xc0109380 0x000010fc 0x00000000 
    kern/init/init.c:71: grade_backtrace+34
ebp:0xc0120ff8 eip:0xc010008b args:0xc010957c 0xc0109584 0xc0100d2d 0xc01095a3 
    kern/init/init.c:31: kern_init+84
memory management: default_pmm_manager
e820map:
  memory: 0009fc00, [00000000, 0009fbff], type = 1.
  memory: 00000400, [0009fc00, 0009ffff], type = 2.
  memory: 00010000, [000f0000, 000fffff], type = 2.
  memory: 07ee0000, [00100000, 07fdffff], type = 1.
  memory: 00020000, [07fe0000, 07ffffff], type = 2.
  memory: 00040000, [fffc0000, ffffffff], type = 2.
check_alloc_page() succeeded!
check_pgdir() succeeded!
check_boot_pgdir() succeeded!
-------------------- BEGIN --------------------
PDE(0e0) c0000000-f8000000 38000000 urw
  |-- PTE(38000) c0000000-f8000000 38000000 -rw
PDE(001) fac00000-fb000000 00400000 -rw
  |-- PTE(000e0) faf00000-fafe0000 000e0000 urw
  |-- PTE(00001) fafeb000-fafec000 00001000 -rw
--------------------- END ---------------------
check_vma_struct() succeeded!
page fault at 0x00000100: K/W [no page found].
check_pgfault() succeeded!
check_vmm() succeeded.
ide 0:      10000(sectors), 'QEMU HARDDISK'.
ide 1:     262144(sectors), 'QEMU HARDDISK'.
SWAP: manager = fifo swap manager
BEGIN check_swap: count 1, total 31963
setup Page Table for vaddr 0X1000, so alloc a page
setup Page Table vaddr 0~4MB OVER!
set up init env for check_swap begin!
page fault at 0x00001000: K/W [no page found].
page fault at 0x00002000: K/W [no page found].
page fault at 0x00003000: K/W [no page found].
page fault at 0x00004000: K/W [no page found].
set up init env for check_swap over!
write Virt Page c in fifo_check_swap
write Virt Page a in fifo_check_swap
write Virt Page d in fifo_check_swap
write Virt Page b in fifo_check_swap
write Virt Page e in fifo_check_swap
page fault at 0x00005000: K/W [no page found].
swap_out: i 0, store page in vaddr 0x1000 to disk swap entry 2
write Virt Page b in fifo_check_swap
write Virt Page a in fifo_check_swap
page fault at 0x00001000: K/W [no page found].
swap_out: i 0, store page in vaddr 0x2000 to disk swap entry 3
swap_in: load disk swap entry 2 with swap_page in vadr 0x1000
write Virt Page b in fifo_check_swap
page fault at 0x00002000: K/W [no page found].
swap_out: i 0, store page in vaddr 0x3000 to disk swap entry 4
swap_in: load disk swap entry 3 with swap_page in vadr 0x2000
write Virt Page c in fifo_check_swap
page fault at 0x00003000: K/W [no page found].
swap_out: i 0, store page in vaddr 0x4000 to disk swap entry 5
swap_in: load disk swap entry 4 with swap_page in vadr 0x3000
write Virt Page d in fifo_check_swap
page fault at 0x00004000: K/W [no page found].
swap_out: i 0, store page in vaddr 0x5000 to disk swap entry 6
swap_in: load disk swap entry 5 with swap_page in vadr 0x4000
write Virt Page e in fifo_check_swap
page fault at 0x00005000: K/W [no page found].
swap_out: i 0, store page in vaddr 0x1000 to disk swap entry 2
swap_in: load disk swap entry 6 with swap_page in vadr 0x5000
write Virt Page a in fifo_check_swap
page fault at 0x00001000: K/R [no page found].
swap_out: i 0, store page in vaddr 0x2000 to disk swap entry 3
swap_in: load disk swap entry 2 with swap_page in vadr 0x1000
count is 0, total is 7
check_swap() succeeded!
++ setup timer interrupts
100 ticks
End of Test.
kernel panic at kern/trap/trap.c:20:
    EOT: kernel seems ok.
stack trackback:
ebp:0xc0120ee0 eip:0xc0100ab8 args:0xc0109448 0xc0120f24 0x00000014 0xc0120f5c 
    kern/debug/kdebug.c:308: print_stackframe+21
ebp:0xc0120f10 eip:0xc0100462 args:0xc010980e 0x00000014 0xc01097f8 0x00000000 
    kern/debug/panic.c:27: __panic+105
ebp:0xc0120f30 eip:0xc0102153 args:0xc0120f68 0xc010029c 0xc010024e 0xc0120f5c 
    kern/trap/trap.c:20: print_ticks+65
ebp:0xc0120f60 eip:0xc01026b2 args:0xc0120f8c 0xc01002bf 0xc0109786 0xc0120fa4 
    kern/trap/trap.c:197: trap_dispatch+204
ebp:0xc0120f80 eip:0xc0102770 args:0xc0120f8c 0x00000001 0x00000000 0xc0120ff8 
    kern/trap/trap.c:234: trap+16
ebp:0xc0120ff8 eip:0xc01031f8 args:0xc010957c 0xc0109584 0xc0100d2d 0xc01095a3 
    kern/trap/trapentry.S:24: <unknown>+0
Welcome to the kernel debug monitor!!
Type 'help' for a list of commands.
K> 